<?xml version="1.0" encoding="UTF-8"?>
<!-- Generated by org.testng.reporters.JUnitXMLReporter -->
<testsuite ignored="1" hostname="DESKTOP-0M195DR" failures="2" tests="3" name="SubmitOrder" time="14.642" errors="0" timestamp="2026-08-31T20:14:02 IST">
  <testcase classname="LearnFramework.SeleniumFrameworkETE.StanaloneTestupdated" name="placeAnOrder" time="2.266">
    <failure type="org.openqa.selenium.ElementClickInterceptedException" message="element click intercepted: Element is not clickable at point (474, 600)
  (Session info: chrome=151.0.7922.174)
Build info: version: &amp;apos;4.41.0&amp;apos;, revision: &amp;apos;9fc754f&amp;apos;
System info: os.name: &amp;apos;Windows 11&amp;apos;, os.arch: &amp;apos;amd64&amp;apos;, os.version: &amp;apos;10.0&amp;apos;, java.version: &amp;apos;26&amp;apos;
Driver info: org.openqa.selenium.chrome.ChromeDriver
Command: [47327c7041afd73d4b4000420068c08a, clickElement {id=f.53C115D1CEFA0BE56CB16F7B93D0067F.d.873048329209D0E027BBE61B6645CB02.e.61}]
Capabilities {acceptInsecureCerts: false, browserName: chrome, browserVersion: 151.0.7922.174, chrome: {chromedriverVersion: 151.0.7922.138 (41fa8244239..., userDataDir: C:\Users\SAURABH\AppData\Lo...}, fedcm:accounts: true, goog:chromeOptions: {debuggerAddress: localhost:60397}, goog:processID: 16484, networkConnectionEnabled: false, pageLoadStrategy: normal, platformName: windows, proxy: Proxy(), se:cdp: ws://localhost:60397/devtoo..., se:cdpVersion: 151.0.7922.174, setWindowRect: true, strictFileInteractability: false, timeouts: {implicit: 0, pageLoad: 300000, script: 30000}, unhandledPromptBehavior: dismiss and notify, webauthn:extension:credBlob: true, webauthn:extension:largeBlob: true, webauthn:extension:minPinLength: true, webauthn:extension:prf: true, webauthn:virtualAuthenticators: true}
Element: [[[[ChromeDriver: chrome on windows (47327c7041afd73d4b4000420068c08a)] -&amp;gt; css selector: .mb-3]] -&amp;gt; css selector: .card-body button:last-of-type]
Session ID: 47327c7041afd73d4b4000420068c08a">
      <![CDATA[org.openqa.selenium.ElementClickInterceptedException: element click intercepted: Element is not clickable at point (474, 600)
  (Session info: chrome=151.0.7922.174)
Build info: version: '4.41.0', revision: '9fc754f'
System info: os.name: 'Windows 11', os.arch: 'amd64', os.version: '10.0', java.version: '26'
Driver info: org.openqa.selenium.chrome.ChromeDriver
Command: [47327c7041afd73d4b4000420068c08a, clickElement {id=f.53C115D1CEFA0BE56CB16F7B93D0067F.d.873048329209D0E027BBE61B6645CB02.e.61}]
Capabilities {acceptInsecureCerts: false, browserName: chrome, browserVersion: 151.0.7922.174, chrome: {chromedriverVersion: 151.0.7922.138 (41fa8244239..., userDataDir: C:\Users\SAURABH\AppData\Lo...}, fedcm:accounts: true, goog:chromeOptions: {debuggerAddress: localhost:60397}, goog:processID: 16484, networkConnectionEnabled: false, pageLoadStrategy: normal, platformName: windows, proxy: Proxy(), se:cdp: ws://localhost:60397/devtoo..., se:cdpVersion: 151.0.7922.174, setWindowRect: true, strictFileInteractability: false, timeouts: {implicit: 0, pageLoad: 300000, script: 30000}, unhandledPromptBehavior: dismiss and notify, webauthn:extension:credBlob: true, webauthn:extension:largeBlob: true, webauthn:extension:minPinLength: true, webauthn:extension:prf: true, webauthn:virtualAuthenticators: true}
Element: [[[[ChromeDriver: chrome on windows (47327c7041afd73d4b4000420068c08a)] -> css selector: .mb-3]] -> css selector: .card-body button:last-of-type]
Session ID: 47327c7041afd73d4b4000420068c08a
at org.openqa.selenium.remote.ErrorCodec.decode(ErrorCodec.java:169)
at org.openqa.selenium.remote.codec.w3c.W3CHttpResponseCodec.decode(W3CHttpResponseCodec.java:142)
at org.openqa.selenium.remote.codec.w3c.W3CHttpResponseCodec.decode(W3CHttpResponseCodec.java:49)
at org.openqa.selenium.remote.HttpCommandExecutor.execute(HttpCommandExecutor.java:223)
at org.openqa.selenium.remote.service.DriverCommandExecutor.invokeExecute(DriverCommandExecutor.java:216)
at org.openqa.selenium.remote.service.DriverCommandExecutor.execute(DriverCommandExecutor.java:174)
at org.openqa.selenium.remote.RemoteWebDriver.execute(RemoteWebDriver.java:604)
at org.openqa.selenium.remote.RemoteWebElement.execute(RemoteWebElement.java:223)
at org.openqa.selenium.remote.RemoteWebElement.click(RemoteWebElement.java:76)
at LearnFramework.SeleniumFrameworkETE.Product.getProductName(Product.java:53)
at LearnFramework.SeleniumFrameworkETE.StanaloneTestupdated.placeAnOrder(StanaloneTestupdated.java:39)
at java.base/java.util.ArrayList.forEach(ArrayList.java:1612)
... Removed 25 stack frames]]>
    </failure>
  </testcase> <!-- placeAnOrder -->
  <testcase classname="LearnFramework.SeleniumFrameworkETE.StanaloneTestupdated" name="placeAnOrder" time="2.031">
    <failure type="org.openqa.selenium.ElementClickInterceptedException" message="element click intercepted: Element is not clickable at point (695, 576)
  (Session info: chrome=151.0.7922.174)
Build info: version: &amp;apos;4.41.0&amp;apos;, revision: &amp;apos;9fc754f&amp;apos;
System info: os.name: &amp;apos;Windows 11&amp;apos;, os.arch: &amp;apos;amd64&amp;apos;, os.version: &amp;apos;10.0&amp;apos;, java.version: &amp;apos;26&amp;apos;
Driver info: org.openqa.selenium.chrome.ChromeDriver
Command: [a626ff266a7cfaedb7e3f3d2ea86902d, clickElement {id=f.5B9E0806F596AB3DD95C5B091E5D6A84.d.59F5C51C70385C3F55DC2C313302EB7C.e.61}]
Capabilities {acceptInsecureCerts: false, browserName: chrome, browserVersion: 151.0.7922.174, chrome: {chromedriverVersion: 151.0.7922.138 (41fa8244239..., userDataDir: C:\Users\SAURABH\AppData\Lo...}, fedcm:accounts: true, goog:chromeOptions: {debuggerAddress: localhost:62952}, goog:processID: 20860, networkConnectionEnabled: false, pageLoadStrategy: normal, platformName: windows, proxy: Proxy(), se:cdp: ws://localhost:62952/devtoo..., se:cdpVersion: 151.0.7922.174, setWindowRect: true, strictFileInteractability: false, timeouts: {implicit: 0, pageLoad: 300000, script: 30000}, unhandledPromptBehavior: dismiss and notify, webauthn:extension:credBlob: true, webauthn:extension:largeBlob: true, webauthn:extension:minPinLength: true, webauthn:extension:prf: true, webauthn:virtualAuthenticators: true}
Element: [[[[ChromeDriver: chrome on windows (a626ff266a7cfaedb7e3f3d2ea86902d)] -&amp;gt; css selector: .mb-3]] -&amp;gt; css selector: .card-body button:last-of-type]
Session ID: a626ff266a7cfaedb7e3f3d2ea86902d">
      <![CDATA[org.openqa.selenium.ElementClickInterceptedException: element click intercepted: Element is not clickable at point (695, 576)
  (Session info: chrome=151.0.7922.174)
Build info: version: '4.41.0', revision: '9fc754f'
System info: os.name: 'Windows 11', os.arch: 'amd64', os.version: '10.0', java.version: '26'
Driver info: org.openqa.selenium.chrome.ChromeDriver
Command: [a626ff266a7cfaedb7e3f3d2ea86902d, clickElement {id=f.5B9E0806F596AB3DD95C5B091E5D6A84.d.59F5C51C70385C3F55DC2C313302EB7C.e.61}]
Capabilities {acceptInsecureCerts: false, browserName: chrome, browserVersion: 151.0.7922.174, chrome: {chromedriverVersion: 151.0.7922.138 (41fa8244239..., userDataDir: C:\Users\SAURABH\AppData\Lo...}, fedcm:accounts: true, goog:chromeOptions: {debuggerAddress: localhost:62952}, goog:processID: 20860, networkConnectionEnabled: false, pageLoadStrategy: normal, platformName: windows, proxy: Proxy(), se:cdp: ws://localhost:62952/devtoo..., se:cdpVersion: 151.0.7922.174, setWindowRect: true, strictFileInteractability: false, timeouts: {implicit: 0, pageLoad: 300000, script: 30000}, unhandledPromptBehavior: dismiss and notify, webauthn:extension:credBlob: true, webauthn:extension:largeBlob: true, webauthn:extension:minPinLength: true, webauthn:extension:prf: true, webauthn:virtualAuthenticators: true}
Element: [[[[ChromeDriver: chrome on windows (a626ff266a7cfaedb7e3f3d2ea86902d)] -> css selector: .mb-3]] -> css selector: .card-body button:last-of-type]
Session ID: a626ff266a7cfaedb7e3f3d2ea86902d
at org.openqa.selenium.remote.ErrorCodec.decode(ErrorCodec.java:169)
at org.openqa.selenium.remote.codec.w3c.W3CHttpResponseCodec.decode(W3CHttpResponseCodec.java:142)
at org.openqa.selenium.remote.codec.w3c.W3CHttpResponseCodec.decode(W3CHttpResponseCodec.java:49)
at org.openqa.selenium.remote.HttpCommandExecutor.execute(HttpCommandExecutor.java:223)
at org.openqa.selenium.remote.service.DriverCommandExecutor.invokeExecute(DriverCommandExecutor.java:216)
at org.openqa.selenium.remote.service.DriverCommandExecutor.execute(DriverCommandExecutor.java:174)
at org.openqa.selenium.remote.RemoteWebDriver.execute(RemoteWebDriver.java:604)
at org.openqa.selenium.remote.RemoteWebElement.execute(RemoteWebElement.java:223)
at org.openqa.selenium.remote.RemoteWebElement.click(RemoteWebElement.java:76)
at LearnFramework.SeleniumFrameworkETE.Product.getProductName(Product.java:53)
at LearnFramework.SeleniumFrameworkETE.StanaloneTestupdated.placeAnOrder(StanaloneTestupdated.java:39)
at java.base/java.util.ArrayList.forEach(ArrayList.java:1612)
... Removed 25 stack frames]]>
    </failure>
  </testcase> <!-- placeAnOrder -->
  <testcase classname="LearnFramework.SeleniumFrameworkETE.ErrorValidation" name="validateLoginErrorMsg" time="0.871"/>
  <testcase classname="LearnFramework.SeleniumFrameworkETE.ErrorValidation" name="validateSubmitOrderErrorMsg" time="0.0">
    <ignored/>
  </testcase> <!-- validateSubmitOrderErrorMsg -->
</testsuite> <!-- SubmitOrder -->
