<?xml version="1.0" encoding="UTF-8"?>
<!-- Generated by org.testng.reporters.JUnitXMLReporter -->
<testsuite ignored="1" hostname="DESKTOP-0M195DR" failures="0" tests="3" name="SubmitOrder" time="46.493" errors="0" timestamp="2026-08-30T19:06:41 IST">
  <testcase classname="LearnFramework.SeleniumFrameworkETE.StanaloneTestupdated" name="placeAnOrder" time="9.958"/>
  <testcase classname="LearnFramework.SeleniumFrameworkETE.StanaloneTestupdated" name="placeAnOrder" time="9.776"/>
  <testcase classname="LearnFramework.SeleniumFrameworkETE.ErrorValidation" name="validateLoginErrorMsg" time="0.829"/>
  <testcase classname="LearnFramework.SeleniumFrameworkETE.ErrorValidation" name="validateSubmitOrderErrorMsg" time="0.0">
    <ignored/>
  </testcase> <!-- validateSubmitOrderErrorMsg -->
</testsuite> <!-- SubmitOrder -->
