<?xml version="1.0" encoding="UTF-8"?>
<testng-results ignored="1" total="4" passed="3" failed="0" skipped="0">
  <reporter-output>
  </reporter-output>
  <suite started-at="2026-08-30T19:05:55 IST" name="Suite" finished-at="2026-08-30T19:06:41 IST" duration-ms="46493">
    <groups>
    </groups>
    <test started-at="2026-08-30T19:05:55 IST" name="SubmitOrder" finished-at="2026-08-30T19:06:41 IST" duration-ms="46493">
      <class name="LearnFramework.SeleniumFrameworkETE.ErrorValidation">
        <test-method is-config="true" signature="launchApplication()[pri:0, instance:LearnFramework.SeleniumFrameworkETE.ErrorValidation@5c909414]" started-at="2026-08-30T19:06:32 IST" name="launchApplication" finished-at="2026-08-30T19:06:39 IST" duration-ms="6947" status="PASS">
          <reporter-output>
          </reporter-output>
        </test-method> <!-- launchApplication -->
        <test-method signature="validateLoginErrorMsg()[pri:0, instance:LearnFramework.SeleniumFrameworkETE.ErrorValidation@5c909414]" started-at="2026-08-30T19:06:39 IST" name="validateLoginErrorMsg" finished-at="2026-08-30T19:06:40 IST" duration-ms="829" status="PASS">
          <reporter-output>
          </reporter-output>
        </test-method> <!-- validateLoginErrorMsg -->
        <test-method is-config="true" signature="closeDrivers()[pri:0, instance:LearnFramework.SeleniumFrameworkETE.ErrorValidation@5c909414]" started-at="2026-08-30T19:06:40 IST" name="closeDrivers" finished-at="2026-08-30T19:06:41 IST" duration-ms="1154" status="PASS">
          <reporter-output>
          </reporter-output>
        </test-method> <!-- closeDrivers -->
      </class> <!-- LearnFramework.SeleniumFrameworkETE.ErrorValidation -->
      <class name="LearnFramework.SeleniumFrameworkETE.StanaloneTestupdated">
        <test-method is-config="true" signature="launchApplication()[pri:0, instance:LearnFramework.SeleniumFrameworkETE.StanaloneTestupdated@163e4e87]" started-at="2026-08-30T19:05:55 IST" name="launchApplication" finished-at="2026-08-30T19:06:03 IST" duration-ms="8401" status="PASS">
          <reporter-output>
          </reporter-output>
        </test-method> <!-- launchApplication -->
        <test-method signature="placeAnOrder(java.util.HashMap)[pri:0, instance:LearnFramework.SeleniumFrameworkETE.StanaloneTestupdated@163e4e87]" started-at="2026-08-30T19:06:03 IST" name="placeAnOrder" data-provider="getData" finished-at="2026-08-30T19:06:13 IST" duration-ms="9958" status="PASS">
          <params>
            <param index="0">
              <value>
                <![CDATA[{ProductName=ADIDAS ORIGINAL, Pwd=Mansa123, Email=mansa123@gmail.com}]]>
              </value>
            </param>
          </params>
          <reporter-output>
          </reporter-output>
        </test-method> <!-- placeAnOrder -->
        <test-method is-config="true" signature="closeDrivers()[pri:0, instance:LearnFramework.SeleniumFrameworkETE.StanaloneTestupdated@163e4e87]" started-at="2026-08-30T19:06:13 IST" name="closeDrivers" finished-at="2026-08-30T19:06:14 IST" duration-ms="1109" status="PASS">
          <reporter-output>
          </reporter-output>
        </test-method> <!-- closeDrivers -->
        <test-method is-config="true" signature="launchApplication()[pri:0, instance:LearnFramework.SeleniumFrameworkETE.StanaloneTestupdated@163e4e87]" started-at="2026-08-30T19:06:14 IST" name="launchApplication" finished-at="2026-08-30T19:06:21 IST" duration-ms="6790" status="PASS">
          <reporter-output>
          </reporter-output>
        </test-method> <!-- launchApplication -->
        <test-method signature="placeAnOrder(java.util.HashMap)[pri:0, instance:LearnFramework.SeleniumFrameworkETE.StanaloneTestupdated@163e4e87]" started-at="2026-08-30T19:06:21 IST" name="placeAnOrder" data-provider="getData" finished-at="2026-08-30T19:06:31 IST" duration-ms="9776" status="PASS">
          <params>
            <param index="0">
              <value>
                <![CDATA[{ProductName=ZARA COAT 3, Pwd=Rinki@123, Email=Rinki456@gmail.com}]]>
              </value>
            </param>
          </params>
          <reporter-output>
          </reporter-output>
        </test-method> <!-- placeAnOrder -->
        <test-method is-config="true" signature="closeDrivers()[pri:0, instance:LearnFramework.SeleniumFrameworkETE.StanaloneTestupdated@163e4e87]" started-at="2026-08-30T19:06:31 IST" name="closeDrivers" finished-at="2026-08-30T19:06:32 IST" duration-ms="1147" status="PASS">
          <reporter-output>
          </reporter-output>
        </test-method> <!-- closeDrivers -->
      </class> <!-- LearnFramework.SeleniumFrameworkETE.StanaloneTestupdated -->
    </test> <!-- SubmitOrder -->
  </suite> <!-- Suite -->
</testng-results>
