<?xml version="1.0" encoding="UTF-8"?>
<testng-results ignored="0" total="2" passed="2" failed="0" skipped="0">
  <reporter-output>
  </reporter-output>
  <suite started-at="2026-09-05T20:17:52 IST" name="Default suite" finished-at="2026-09-05T20:18:29 IST" duration-ms="37018">
    <groups>
      <group name="cucumber">
        <method signature="AbstractTestNGCucumberTests.runScenario(io.cucumber.testng.PickleWrapper,io.cucumber.testng.FeatureWrapper)[pri:0, instance:LearnFramework.Features.TestNGTestRunner@6cf0e0ba]" name="runScenario" class="io.cucumber.testng.AbstractTestNGCucumberTests"/>
      </group> <!-- cucumber -->
    </groups>
    <test started-at="2026-09-05T20:17:52 IST" name="Default test" finished-at="2026-09-05T20:18:29 IST" duration-ms="37018">
      <class name="LearnFramework.Features.TestNGTestRunner">
        <test-method is-config="true" signature="setUpClass(org.testng.ITestContext)[pri:0, instance:LearnFramework.Features.TestNGTestRunner@6cf0e0ba]" started-at="2026-09-05T20:17:52 IST" name="setUpClass" finished-at="2026-09-05T20:17:53 IST" duration-ms="878" status="PASS">
          <params>
            <param index="0">
              <value>
                <![CDATA[org.testng.TestRunner@319c3a25]]>
              </value>
            </param>
          </params>
          <reporter-output>
          </reporter-output>
        </test-method> <!-- setUpClass -->
        <test-method signature="runScenario(io.cucumber.testng.PickleWrapper,io.cucumber.testng.FeatureWrapper)[pri:0, instance:LearnFramework.Features.TestNGTestRunner@6cf0e0ba]" started-at="2026-09-05T20:17:53 IST" name="runScenario" description="Runs Cucumber Scenarios" data-provider="scenarios" finished-at="2026-09-05T20:18:11 IST" duration-ms="18154" status="PASS">
          <params>
            <param index="0">
              <value>
                <![CDATA["Verifying the positive flow of purchasing the order"]]>
              </value>
            </param>
            <param index="1">
              <value>
                <![CDATA["Purchase ordr from Eccommerce"]]>
              </value>
            </param>
          </params>
          <reporter-output>
          </reporter-output>
        </test-method> <!-- runScenario -->
        <test-method signature="runScenario(io.cucumber.testng.PickleWrapper,io.cucumber.testng.FeatureWrapper)[pri:0, instance:LearnFramework.Features.TestNGTestRunner@6cf0e0ba]" started-at="2026-09-05T20:18:11 IST" name="runScenario" description="Runs Cucumber Scenarios" data-provider="scenarios" finished-at="2026-09-05T20:18:29 IST" duration-ms="17867" status="PASS">
          <params>
            <param index="0">
              <value>
                <![CDATA["Verifying the positive flow of purchasing the order"]]>
              </value>
            </param>
            <param index="1">
              <value>
                <![CDATA["Purchase ordr from Eccommerce"]]>
              </value>
            </param>
          </params>
          <reporter-output>
          </reporter-output>
        </test-method> <!-- runScenario -->
        <test-method is-config="true" signature="tearDownClass()[pri:0, instance:LearnFramework.Features.TestNGTestRunner@6cf0e0ba]" started-at="2026-09-05T20:18:29 IST" name="tearDownClass" finished-at="2026-09-05T20:18:29 IST" duration-ms="41" status="PASS">
          <reporter-output>
          </reporter-output>
        </test-method> <!-- tearDownClass -->
      </class> <!-- LearnFramework.Features.TestNGTestRunner -->
    </test> <!-- Default test -->
  </suite> <!-- Default suite -->
</testng-results>
