<?xml version="1.0" encoding="UTF-8"?>
<!-- Generated by org.testng.reporters.JUnitReportReporter -->
<testsuite hostname="DESKTOP-0M195DR" failures="0" tests="2" name="LearnFramework.Features.TestNGTestRunner" time="36.021" errors="0" timestamp="2026-09-05T20:18:29 IST" skipped="0">
  <testcase classname="LearnFramework.Features.TestNGTestRunner" name="runScenario" time="17.867"/>
  <testcase classname="LearnFramework.Features.TestNGTestRunner" name="runScenario" time="18.154"/>
</testsuite> <!-- LearnFramework.Features.TestNGTestRunner -->
