<?xml version="1.0" encoding="UTF-8"?>
<!-- Generated by org.testng.reporters.JUnitReportReporter -->
<testsuite hostname="DESKTOP-0M195DR" failures="0" tests="2" name="LearnFramework.SeleniumFrameworkETE.ErrorValidation" time="8.930" errors="0" timestamp="2026-08-30T19:06:41 IST" skipped="1">
  <testcase classname="LearnFramework.SeleniumFrameworkETE.ErrorValidation" name="validateLoginErrorMsg" time="8.930"/>
  <testcase classname="LearnFramework.SeleniumFrameworkETE.ErrorValidation" name="validateSubmitOrderErrorMsg">
    <skipped/>
  </testcase> <!-- validateSubmitOrderErrorMsg -->
</testsuite> <!-- LearnFramework.SeleniumFrameworkETE.ErrorValidation -->
