<?xml version="1.0" encoding="UTF-8"?>
<!-- Generated by org.testng.reporters.JUnitReportReporter -->
<testsuite hostname="DESKTOP-0M195DR" failures="0" tests="2" name="LearnFramework.SeleniumFrameworkETE.StanaloneTestupdated" time="37.181" errors="0" timestamp="2026-08-30T19:06:41 IST" skipped="0">
  <testcase classname="LearnFramework.SeleniumFrameworkETE.StanaloneTestupdated" name="placeAnOrder" time="19.286"/>
  <testcase classname="LearnFramework.SeleniumFrameworkETE.StanaloneTestupdated" name="placeAnOrder" time="17.895"/>
</testsuite> <!-- LearnFramework.SeleniumFrameworkETE.StanaloneTestupdated -->
